2023-08-26 19:37:19.299 [info] Extension host with pid 14186 started
2023-08-26 19:37:19.320 [info] Lock '/home/sh8/s3496168/.vscode-server/data/User/workspaceStorage/974827dbdd4a7e6b0ec21d59218f1fc1/vscode.lock': Lock acquired.
2023-08-26 19:37:19.660 [info] ExtensionService#_doActivateExtension vscode.emmet, startup: false, activationEvent: 'onLanguage'
2023-08-26 19:37:19.661 [info] ExtensionService#_doActivateExtension vscode.php-language-features, startup: false, activationEvent: 'onLanguage:php'
2023-08-26 19:37:19.843 [info] ExtensionService#_doActivateExtension vscode.git-base, startup: true, activationEvent: '*', root cause: vscode.git
2023-08-26 19:37:19.905 [info] ExtensionService#_doActivateExtension vscode.git, startup: true, activationEvent: '*'
2023-08-26 19:37:19.906 [info] ExtensionService#_doActivateExtension vscode.github, startup: true, activationEvent: '*'
2023-08-26 19:37:20.269 [info] Eager extensions activated
2023-08-26 19:37:20.269 [info] ExtensionService#_doActivateExtension vscode.debug-auto-launch, startup: false, activationEvent: 'onStartupFinished'
2023-08-26 19:37:20.270 [info] ExtensionService#_doActivateExtension vscode.merge-conflict, startup: false, activationEvent: 'onStartupFinished'
2023-08-27 02:14:40.902 [info] Extension host terminating: renderer disconnected for too long (1)
2023-08-27 02:14:40.904 [info] Lock '/home/sh8/s3496168/.vscode-server/data/User/workspaceStorage/974827dbdd4a7e6b0ec21d59218f1fc1/vscode.lock': Marking the lockfile as scheduled to be released in 6000 ms.
2023-08-27 02:14:40.926 [error] Canceled: Canceled
	at new h (/home/sh8/s3496168/.vscode-server/bin/6c3e3dba23e8fadc360aed75ce363ba185c49794/out/vs/workbench/api/node/extensionHostProcess.js:103:56634)
	at t.O (/home/sh8/s3496168/.vscode-server/bin/6c3e3dba23e8fadc360aed75ce363ba185c49794/out/vs/workbench/api/node/extensionHostProcess.js:115:8020)
	at Proxy.N.<computed>.T.charCodeAt.N.<computed> (/home/sh8/s3496168/.vscode-server/bin/6c3e3dba23e8fadc360aed75ce363ba185c49794/out/vs/workbench/api/node/extensionHostProcess.js:115:5459)
	at a.g (/home/sh8/s3496168/.vscode-server/bin/6c3e3dba23e8fadc360aed75ce363ba185c49794/out/vs/workbench/api/node/extensionHostProcess.js:103:77241)
	at a.executeCommand (/home/sh8/s3496168/.vscode-server/bin/6c3e3dba23e8fadc360aed75ce363ba185c49794/out/vs/workbench/api/node/extensionHostProcess.js:103:76679)
	at w.registerCommand.description (/home/sh8/s3496168/.vscode-server/bin/6c3e3dba23e8fadc360aed75ce363ba185c49794/out/vs/workbench/api/node/extensionHostProcess.js:103:76000)
	at a.h (/home/sh8/s3496168/.vscode-server/bin/6c3e3dba23e8fadc360aed75ce363ba185c49794/out/vs/workbench/api/node/extensionHostProcess.js:103:77777)
	at a.g (/home/sh8/s3496168/.vscode-server/bin/6c3e3dba23e8fadc360aed75ce363ba185c49794/out/vs/workbench/api/node/extensionHostProcess.js:103:76772)
	at a.executeCommand (/home/sh8/s3496168/.vscode-server/bin/6c3e3dba23e8fadc360aed75ce363ba185c49794/out/vs/workbench/api/node/extensionHostProcess.js:103:76679)
	at Object.executeCommand (/home/sh8/s3496168/.vscode-server/bin/6c3e3dba23e8fadc360aed75ce363ba185c49794/out/vs/workbench/api/node/extensionHostProcess.js:121:20977)
	at r.D [as value] (/home/sh8/s3496168/.vscode-server/bin/6c3e3dba23e8fadc360aed75ce363ba185c49794/extensions/git/dist/main.js:2:1261690)
	at f.w (/home/sh8/s3496168/.vscode-server/bin/6c3e3dba23e8fadc360aed75ce363ba185c49794/out/vs/workbench/api/node/extensionHostProcess.js:63:1902)
	at f.x (/home/sh8/s3496168/.vscode-server/bin/6c3e3dba23e8fadc360aed75ce363ba185c49794/out/vs/workbench/api/node/extensionHostProcess.js:63:1972)
	at fire (/home/sh8/s3496168/.vscode-server/bin/6c3e3dba23e8fadc360aed75ce363ba185c49794/out/vs/workbench/api/node/extensionHostProcess.js:63:2188)
	at Object.m [as dispose] (/home/sh8/s3496168/.vscode-server/bin/6c3e3dba23e8fadc360aed75ce363ba185c49794/extensions/git/dist/main.js:2:1277293)
	at /home/sh8/s3496168/.vscode-server/bin/6c3e3dba23e8fadc360aed75ce363ba185c49794/extensions/git/dist/main.js:2:1282023
	at Array.forEach (<anonymous>)
	at g.dispose (/home/sh8/s3496168/.vscode-server/bin/6c3e3dba23e8fadc360aed75ce363ba185c49794/extensions/git/dist/main.js:2:1282009)
	at p.<anonymous> (/home/sh8/s3496168/.vscode-server/bin/6c3e3dba23e8fadc360aed75ce363ba185c49794/out/vs/workbench/api/node/extensionHostProcess.js:99:3381)
	at p.dispose (/home/sh8/s3496168/.vscode-server/bin/6c3e3dba23e8fadc360aed75ce363ba185c49794/out/vs/workbench/api/node/extensionHostProcess.js:99:3478)
	at p.<anonymous> (/home/sh8/s3496168/.vscode-server/bin/6c3e3dba23e8fadc360aed75ce363ba185c49794/extensions/git/dist/main.js:2:1263703)
	at p.dispose (/home/sh8/s3496168/.vscode-server/bin/6c3e3dba23e8fadc360aed75ce363ba185c49794/out/vs/workbench/api/node/extensionHostProcess.js:99:3478)
	at S (/home/sh8/s3496168/.vscode-server/bin/6c3e3dba23e8fadc360aed75ce363ba185c49794/out/vs/workbench/api/node/extensionHostProcess.js:13:11731)
	at r.Z (/home/sh8/s3496168/.vscode-server/bin/6c3e3dba23e8fadc360aed75ce363ba185c49794/out/vs/workbench/api/node/extensionHostProcess.js:117:9686)
	at /home/sh8/s3496168/.vscode-server/bin/6c3e3dba23e8fadc360aed75ce363ba185c49794/out/vs/workbench/api/node/extensionHostProcess.js:117:7582
	at Array.map (<anonymous>)
	at r.S (/home/sh8/s3496168/.vscode-server/bin/6c3e3dba23e8fadc360aed75ce363ba185c49794/out/vs/workbench/api/node/extensionHostProcess.js:117:7570)
	at r.terminate (/home/sh8/s3496168/.vscode-server/bin/6c3e3dba23e8fadc360aed75ce363ba185c49794/out/vs/workbench/api/node/extensionHostProcess.js:117:7842)
	at s.terminate (/home/sh8/s3496168/.vscode-server/bin/6c3e3dba23e8fadc360aed75ce363ba185c49794/out/vs/workbench/api/node/extensionHostProcess.js:121:1506)
	at C (/home/sh8/s3496168/.vscode-server/bin/6c3e3dba23e8fadc360aed75ce363ba185c49794/out/vs/workbench/api/node/extensionHostProcess.js:131:32254)
	at T.a (/home/sh8/s3496168/.vscode-server/bin/6c3e3dba23e8fadc360aed75ce363ba185c49794/out/vs/workbench/api/node/extensionHostProcess.js:131:28984)
	at T.h (/home/sh8/s3496168/.vscode-server/bin/6c3e3dba23e8fadc360aed75ce363ba185c49794/out/vs/workbench/api/node/extensionHostProcess.js:73:19285)
	at listOnTimeout (node:internal/timers:559:17)
	at processTimers (node:internal/timers:502:7) setContext undefined
2023-08-27 02:14:40.929 [error] Canceled: Canceled
	at new h (/home/sh8/s3496168/.vscode-server/bin/6c3e3dba23e8fadc360aed75ce363ba185c49794/out/vs/workbench/api/node/extensionHostProcess.js:103:56634)
	at t.O (/home/sh8/s3496168/.vscode-server/bin/6c3e3dba23e8fadc360aed75ce363ba185c49794/out/vs/workbench/api/node/extensionHostProcess.js:115:8020)
	at Proxy.N.<computed>.T.charCodeAt.N.<computed> (/home/sh8/s3496168/.vscode-server/bin/6c3e3dba23e8fadc360aed75ce363ba185c49794/out/vs/workbench/api/node/extensionHostProcess.js:115:5459)
	at a.g (/home/sh8/s3496168/.vscode-server/bin/6c3e3dba23e8fadc360aed75ce363ba185c49794/out/vs/workbench/api/node/extensionHostProcess.js:103:77241)
	at a.executeCommand (/home/sh8/s3496168/.vscode-server/bin/6c3e3dba23e8fadc360aed75ce363ba185c49794/out/vs/workbench/api/node/extensionHostProcess.js:103:76679)
	at w.registerCommand.description (/home/sh8/s3496168/.vscode-server/bin/6c3e3dba23e8fadc360aed75ce363ba185c49794/out/vs/workbench/api/node/extensionHostProcess.js:103:76000)
	at a.h (/home/sh8/s3496168/.vscode-server/bin/6c3e3dba23e8fadc360aed75ce363ba185c49794/out/vs/workbench/api/node/extensionHostProcess.js:103:77777)
	at a.g (/home/sh8/s3496168/.vscode-server/bin/6c3e3dba23e8fadc360aed75ce363ba185c49794/out/vs/workbench/api/node/extensionHostProcess.js:103:76772)
	at a.executeCommand (/home/sh8/s3496168/.vscode-server/bin/6c3e3dba23e8fadc360aed75ce363ba185c49794/out/vs/workbench/api/node/extensionHostProcess.js:103:76679)
	at Object.executeCommand (/home/sh8/s3496168/.vscode-server/bin/6c3e3dba23e8fadc360aed75ce363ba185c49794/out/vs/workbench/api/node/extensionHostProcess.js:121:20977)
	at t.$Ne.set b [as b] (/home/sh8/s3496168/.vscode-server/bin/6c3e3dba23e8fadc360aed75ce363ba185c49794/extensions/github/dist/extension.js:2:676183)
	at /home/sh8/s3496168/.vscode-server/bin/6c3e3dba23e8fadc360aed75ce363ba185c49794/extensions/github/dist/extension.js:2:676827
	at r.value (/home/sh8/s3496168/.vscode-server/bin/6c3e3dba23e8fadc360aed75ce363ba185c49794/extensions/git/dist/main.js:2:1349176)
	at f.w (/home/sh8/s3496168/.vscode-server/bin/6c3e3dba23e8fadc360aed75ce363ba185c49794/out/vs/workbench/api/node/extensionHostProcess.js:63:1902)
	at f.x (/home/sh8/s3496168/.vscode-server/bin/6c3e3dba23e8fadc360aed75ce363ba185c49794/out/vs/workbench/api/node/extensionHostProcess.js:63:1972)
	at fire (/home/sh8/s3496168/.vscode-server/bin/6c3e3dba23e8fadc360aed75ce363ba185c49794/out/vs/workbench/api/node/extensionHostProcess.js:63:2188)
	at Object.m [as dispose] (/home/sh8/s3496168/.vscode-server/bin/6c3e3dba23e8fadc360aed75ce363ba185c49794/extensions/git/dist/main.js:2:1277293)
	at /home/sh8/s3496168/.vscode-server/bin/6c3e3dba23e8fadc360aed75ce363ba185c49794/extensions/git/dist/main.js:2:1282023
	at Array.forEach (<anonymous>)
	at g.dispose (/home/sh8/s3496168/.vscode-server/bin/6c3e3dba23e8fadc360aed75ce363ba185c49794/extensions/git/dist/main.js:2:1282009)
	at p.<anonymous> (/home/sh8/s3496168/.vscode-server/bin/6c3e3dba23e8fadc360aed75ce363ba185c49794/out/vs/workbench/api/node/extensionHostProcess.js:99:3381)
	at p.dispose (/home/sh8/s3496168/.vscode-server/bin/6c3e3dba23e8fadc360aed75ce363ba185c49794/out/vs/workbench/api/node/extensionHostProcess.js:99:3478)
	at p.<anonymous> (/home/sh8/s3496168/.vscode-server/bin/6c3e3dba23e8fadc360aed75ce363ba185c49794/extensions/git/dist/main.js:2:1263703)
	at p.dispose (/home/sh8/s3496168/.vscode-server/bin/6c3e3dba23e8fadc360aed75ce363ba185c49794/out/vs/workbench/api/node/extensionHostProcess.js:99:3478)
	at S (/home/sh8/s3496168/.vscode-server/bin/6c3e3dba23e8fadc360aed75ce363ba185c49794/out/vs/workbench/api/node/extensionHostProcess.js:13:11731)
	at r.Z (/home/sh8/s3496168/.vscode-server/bin/6c3e3dba23e8fadc360aed75ce363ba185c49794/out/vs/workbench/api/node/extensionHostProcess.js:117:9686)
	at /home/sh8/s3496168/.vscode-server/bin/6c3e3dba23e8fadc360aed75ce363ba185c49794/out/vs/workbench/api/node/extensionHostProcess.js:117:7582
	at Array.map (<anonymous>)
	at r.S (/home/sh8/s3496168/.vscode-server/bin/6c3e3dba23e8fadc360aed75ce363ba185c49794/out/vs/workbench/api/node/extensionHostProcess.js:117:7570)
	at r.terminate (/home/sh8/s3496168/.vscode-server/bin/6c3e3dba23e8fadc360aed75ce363ba185c49794/out/vs/workbench/api/node/extensionHostProcess.js:117:7842)
	at s.terminate (/home/sh8/s3496168/.vscode-server/bin/6c3e3dba23e8fadc360aed75ce363ba185c49794/out/vs/workbench/api/node/extensionHostProcess.js:121:1506)
	at C (/home/sh8/s3496168/.vscode-server/bin/6c3e3dba23e8fadc360aed75ce363ba185c49794/out/vs/workbench/api/node/extensionHostProcess.js:131:32254)
	at T.a (/home/sh8/s3496168/.vscode-server/bin/6c3e3dba23e8fadc360aed75ce363ba185c49794/out/vs/workbench/api/node/extensionHostProcess.js:131:28984)
	at T.h (/home/sh8/s3496168/.vscode-server/bin/6c3e3dba23e8fadc360aed75ce363ba185c49794/out/vs/workbench/api/node/extensionHostProcess.js:73:19285)
	at listOnTimeout (node:internal/timers:559:17)
	at processTimers (node:internal/timers:502:7) setContext undefined
2023-08-27 02:14:40.930 [info] Extension host with pid 14186 exiting with code 0
