[2020-07-07 00:04:16.644] [exthost] [info] extension host started
[2020-07-07 00:04:16.720] [exthost] [info] ExtensionService#_doActivateExtension vscode.debug-auto-launch {"startup":true,"extensionId":{"value":"vscode.debug-auto-launch","_lower":"vscode.debug-auto-launch"},"activationEvent":"*"}
[2020-07-07 00:04:16.720] [exthost] [info] ExtensionService#loadCommonJSModule file:///home/sh8/s3496168/.vscode-server/bin/cd9ea6488829f560dc949a8b2fb789f3cdc05f5d/extensions/debug-auto-launch/dist/extension
[2020-07-07 00:04:16.727] [exthost] [info] ExtensionService#_doActivateExtension vscode.emmet {"startup":true,"extensionId":{"value":"vscode.emmet","_lower":"vscode.emmet"},"activationEvent":"*"}
[2020-07-07 00:04:16.727] [exthost] [info] ExtensionService#loadCommonJSModule file:///home/sh8/s3496168/.vscode-server/bin/cd9ea6488829f560dc949a8b2fb789f3cdc05f5d/extensions/emmet/dist/extension
[2020-07-07 00:04:16.753] [exthost] [info] ExtensionService#_doActivateExtension vscode.git {"startup":true,"extensionId":{"value":"vscode.github","_lower":"vscode.github"},"activationEvent":"*"}
[2020-07-07 00:04:16.753] [exthost] [info] ExtensionService#loadCommonJSModule file:///home/sh8/s3496168/.vscode-server/bin/cd9ea6488829f560dc949a8b2fb789f3cdc05f5d/extensions/git/dist/main
[2020-07-07 00:04:16.802] [exthost] [info] ExtensionService#_doActivateExtension vscode.github-authentication {"startup":true,"extensionId":{"value":"vscode.github-authentication","_lower":"vscode.github-authentication"},"activationEvent":"*"}
[2020-07-07 00:04:16.802] [exthost] [info] ExtensionService#loadCommonJSModule file:///home/sh8/s3496168/.vscode-server/bin/cd9ea6488829f560dc949a8b2fb789f3cdc05f5d/extensions/github-authentication/dist/extension.js
[2020-07-07 00:04:16.817] [exthost] [info] ExtensionService#_doActivateExtension vscode.merge-conflict {"startup":true,"extensionId":{"value":"vscode.merge-conflict","_lower":"vscode.merge-conflict"},"activationEvent":"*"}
[2020-07-07 00:04:16.817] [exthost] [info] ExtensionService#loadCommonJSModule file:///home/sh8/s3496168/.vscode-server/bin/cd9ea6488829f560dc949a8b2fb789f3cdc05f5d/extensions/merge-conflict/dist/extension
[2020-07-07 00:04:16.822] [exthost] [info] ExtensionService#_doActivateExtension vscode.microsoft-authentication {"startup":true,"extensionId":{"value":"vscode.microsoft-authentication","_lower":"vscode.microsoft-authentication"},"activationEvent":"*"}
[2020-07-07 00:04:16.823] [exthost] [info] ExtensionService#loadCommonJSModule file:///home/sh8/s3496168/.vscode-server/bin/cd9ea6488829f560dc949a8b2fb789f3cdc05f5d/extensions/microsoft-authentication/dist/extension.js
[2020-07-07 00:04:16.837] [exthost] [info] ExtensionService#_doActivateExtension vscode.search-result {"startup":true,"extensionId":{"value":"vscode.search-result","_lower":"vscode.search-result"},"activationEvent":"*"}
[2020-07-07 00:04:16.837] [exthost] [info] ExtensionService#loadCommonJSModule file:///home/sh8/s3496168/.vscode-server/bin/cd9ea6488829f560dc949a8b2fb789f3cdc05f5d/extensions/search-result/dist/extension.js
[2020-07-07 00:04:16.977] [exthost] [info] ExtensionService#_doActivateExtension vscode.github {"startup":true,"extensionId":{"value":"vscode.github","_lower":"vscode.github"},"activationEvent":"*"}
[2020-07-07 00:04:16.977] [exthost] [info] ExtensionService#loadCommonJSModule file:///home/sh8/s3496168/.vscode-server/bin/cd9ea6488829f560dc949a8b2fb789f3cdc05f5d/extensions/github/dist/extension.js
[2020-07-07 00:04:17.024] [exthost] [info] eager extensions activated
[2020-07-07 00:05:48.499] [exthost] [error] {"message":"Git error","stdout":"","stderr":"fatal: Could not switch to '/home/sh8/s3496168/_vim/ftdetect/': No such file or directory\n","exitCode":128}
[2020-07-07 00:05:48.499] [exthost] [error] {"message":"Git error","stdout":"","stderr":"fatal: Could not switch to '/home/sh8/s3496168/_vim/ftdetect/': No such file or directory\n","exitCode":128}
[2020-07-07 00:05:48.499] [exthost] [error] {"message":"Git error","stdout":"","stderr":"fatal: Could not switch to '/home/sh8/s3496168/_vim/ftdetect/': No such file or directory\n","exitCode":128}
[2020-07-07 00:05:48.499] [exthost] [error] {"message":"Git error","stdout":"","stderr":"fatal: Could not switch to '/home/sh8/s3496168/_vim/ftdetect/': No such file or directory\n","exitCode":128}
[2020-07-07 00:05:48.499] [exthost] [error] {"message":"Git error","stdout":"","stderr":"fatal: Could not switch to '/home/sh8/s3496168/_vim/ftdetect/': No such file or directory\n","exitCode":128}
[2020-07-07 00:05:48.499] [exthost] [error] {"message":"Git error","stdout":"","stderr":"fatal: Could not switch to '/home/sh8/s3496168/_vim/ftdetect/': No such file or directory\n","exitCode":128}
[2020-07-07 00:05:48.499] [exthost] [error] {"message":"Git error","stdout":"","stderr":"fatal: Could not switch to '/home/sh8/s3496168/_vim/ftdetect/': No such file or directory\n","exitCode":128}
[2020-07-07 00:05:48.499] [exthost] [error] {"message":"Git error","stdout":"","stderr":"fatal: Could not switch to '/home/sh8/s3496168/_vim/ftdetect/': No such file or directory\n","exitCode":128}
[2020-07-07 00:05:48.499] [exthost] [error] {"message":"Git error","stdout":"","stderr":"fatal: Could not switch to '/home/sh8/s3496168/_vim/ftdetect/': No such file or directory\n","exitCode":128}
[2020-07-07 00:05:48.499] [exthost] [error] {"message":"Git error","stdout":"","stderr":"fatal: Could not switch to '/home/sh8/s3496168/_vim/ftdetect/': No such file or directory\n","exitCode":128}
[2020-07-07 00:05:48.499] [exthost] [error] {"message":"Git error","stdout":"","stderr":"fatal: Could not switch to '/home/sh8/s3496168/_vim/ftdetect/': No such file or directory\n","exitCode":128}
[2020-07-07 00:05:48.499] [exthost] [error] {"message":"Git error","stdout":"","stderr":"fatal: Could not switch to '/home/sh8/s3496168/_vim/ftdetect/': No such file or directory\n","exitCode":128}
[2020-07-07 00:05:48.499] [exthost] [error] {"message":"Git error","stdout":"","stderr":"fatal: Could not switch to '/home/sh8/s3496168/_vim/ftdetect/': No such file or directory\n","exitCode":128}
[2020-07-07 00:05:48.499] [exthost] [error] {"message":"Git error","stdout":"","stderr":"fatal: Could not switch to '/home/sh8/s3496168/_vim/ftdetect/': No such file or directory\n","exitCode":128}
[2020-07-07 00:05:48.499] [exthost] [error] {"message":"Git error","stdout":"","stderr":"fatal: Could not switch to '/home/sh8/s3496168/_vim/ftdetect/': No such file or directory\n","exitCode":128}
[2020-07-07 00:05:48.500] [exthost] [error] {"message":"Git error","stdout":"","stderr":"fatal: Could not switch to '/home/sh8/s3496168/_vim/ftdetect/': No such file or directory\n","exitCode":128}
[2020-07-07 00:05:48.500] [exthost] [error] {"message":"Git error","stdout":"","stderr":"fatal: Could not switch to '/home/sh8/s3496168/_vim/ftdetect/': No such file or directory\n","exitCode":128}
[2020-07-07 00:05:48.500] [exthost] [error] {"message":"Git error","stdout":"","stderr":"fatal: Could not switch to '/home/sh8/s3496168/_vim/ftdetect/': No such file or directory\n","exitCode":128}
[2020-07-07 00:05:48.500] [exthost] [error] {"message":"Git error","stdout":"","stderr":"fatal: Could not switch to '/home/sh8/s3496168/_vim/ftdetect/': No such file or directory\n","exitCode":128}
[2020-07-07 00:05:48.500] [exthost] [error] {"message":"Git error","stdout":"","stderr":"fatal: Could not switch to '/home/sh8/s3496168/_vim/ftdetect/': No such file or directory\n","exitCode":128}
[2020-07-07 00:05:48.500] [exthost] [error] {"message":"Git error","stdout":"","stderr":"fatal: Could not switch to '/home/sh8/s3496168/_vim/ftdetect/': No such file or directory\n","exitCode":128}
[2020-07-07 00:05:48.500] [exthost] [error] {"message":"Git error","stdout":"","stderr":"fatal: Could not switch to '/home/sh8/s3496168/_vim/ftdetect/': No such file or directory\n","exitCode":128}
[2020-07-07 00:05:48.500] [exthost] [error] {"message":"Git error","stdout":"","stderr":"fatal: Could not switch to '/home/sh8/s3496168/_vim/ftdetect/': No such file or directory\n","exitCode":128}
[2020-07-07 00:05:48.500] [exthost] [error] {"message":"Git error","stdout":"","stderr":"fatal: Could not switch to '/home/sh8/s3496168/_vim/ftdetect/': No such file or directory\n","exitCode":128}
[2020-07-07 00:05:48.500] [exthost] [error] {"message":"Git error","stdout":"","stderr":"fatal: Could not switch to '/home/sh8/s3496168/_vim/ftdetect/': No such file or directory\n","exitCode":128}
[2020-07-07 00:05:48.500] [exthost] [error] {"message":"Git error","stdout":"","stderr":"fatal: Could not switch to '/home/sh8/s3496168/_vim/ftdetect/': No such file or directory\n","exitCode":128}
[2020-07-07 00:05:48.500] [exthost] [error] {"message":"Git error","stdout":"","stderr":"fatal: Could not switch to '/home/sh8/s3496168/_vim/ftdetect/': No such file or directory\n","exitCode":128}
[2020-07-07 00:05:48.500] [exthost] [error] {"message":"Git error","stdout":"","stderr":"fatal: Could not switch to '/home/sh8/s3496168/_vim/ftdetect/': No such file or directory\n","exitCode":128}
[2020-07-07 00:05:48.500] [exthost] [error] {"message":"Git error","stdout":"","stderr":"fatal: Could not switch to '/home/sh8/s3496168/_vim/ftdetect/': No such file or directory\n","exitCode":128}
[2020-07-07 00:05:48.500] [exthost] [error] {"message":"Git error","stdout":"","stderr":"fatal: Could not switch to '/home/sh8/s3496168/_vim/ftdetect/': No such file or directory\n","exitCode":128}
[2020-07-07 00:05:48.500] [exthost] [error] {"message":"Git error","stdout":"","stderr":"fatal: Could not switch to '/home/sh8/s3496168/_vim/ftdetect/': No such file or directory\n","exitCode":128}
[2020-07-07 00:05:48.500] [exthost] [error] {"message":"Git error","stdout":"","stderr":"fatal: Could not switch to '/home/sh8/s3496168/_vim/ftdetect/': No such file or directory\n","exitCode":128}
[2020-07-07 00:05:48.500] [exthost] [error] {"message":"Git error","stdout":"","stderr":"fatal: Could not switch to '/home/sh8/s3496168/_vim/ftdetect/': No such file or directory\n","exitCode":128}
[2020-07-07 00:05:48.500] [exthost] [error] {"message":"Git error","stdout":"","stderr":"fatal: Could not switch to '/home/sh8/s3496168/_vim/ftdetect/': No such file or directory\n","exitCode":128}
[2020-07-07 00:05:48.500] [exthost] [error] {"message":"Git error","stdout":"","stderr":"fatal: Could not switch to '/home/sh8/s3496168/_vim/ftdetect/': No such file or directory\n","exitCode":128}
[2020-07-07 00:05:48.500] [exthost] [error] {"message":"Git error","stdout":"","stderr":"fatal: Could not switch to '/home/sh8/s3496168/_vim/ftdetect/': No such file or directory\n","exitCode":128}
[2020-07-07 00:05:48.500] [exthost] [error] {"message":"Git error","stdout":"","stderr":"fatal: Could not switch to '/home/sh8/s3496168/_vim/ftdetect/': No such file or directory\n","exitCode":128}
[2020-07-07 00:05:48.500] [exthost] [error] {"message":"Git error","stdout":"","stderr":"fatal: Could not switch to '/home/sh8/s3496168/_vim/ftdetect/': No such file or directory\n","exitCode":128}
[2020-07-07 00:05:48.500] [exthost] [error] {"message":"Git error","stdout":"","stderr":"fatal: Could not switch to '/home/sh8/s3496168/_vim/ftdetect/': No such file or directory\n","exitCode":128}
[2020-07-07 00:05:48.500] [exthost] [error] {"message":"Git error","stdout":"","stderr":"fatal: Could not switch to '/home/sh8/s3496168/_vim/ftdetect/': No such file or directory\n","exitCode":128}
[2020-07-07 00:05:48.500] [exthost] [error] {"message":"Git error","stdout":"","stderr":"fatal: Could not switch to '/home/sh8/s3496168/_vim/ftdetect/': No such file or directory\n","exitCode":128}
[2020-07-07 00:05:48.500] [exthost] [error] {"message":"Git error","stdout":"","stderr":"fatal: Could not switch to '/home/sh8/s3496168/_vim/ftdetect/': No such file or directory\n","exitCode":128}
[2020-07-07 00:05:48.500] [exthost] [error] {"message":"Git error","stdout":"","stderr":"fatal: Could not switch to '/home/sh8/s3496168/_vim/ftdetect/': No such file or directory\n","exitCode":128}
[2020-07-07 00:05:48.500] [exthost] [error] {"message":"Git error","stdout":"","stderr":"fatal: Could not switch to '/home/sh8/s3496168/_vim/ftdetect/': No such file or directory\n","exitCode":128}
[2020-07-07 00:05:48.500] [exthost] [error] {"message":"Git error","stdout":"","stderr":"fatal: Could not switch to '/home/sh8/s3496168/_vim/ftdetect/': No such file or directory\n","exitCode":128}
[2020-07-07 00:05:48.500] [exthost] [error] {"message":"Git error","stdout":"","stderr":"fatal: Could not switch to '/home/sh8/s3496168/_vim/ftdetect/': No such file or directory\n","exitCode":128}
[2020-07-07 00:05:48.500] [exthost] [error] {"message":"Git error","stdout":"","stderr":"fatal: Could not switch to '/home/sh8/s3496168/_vim/ftdetect/': No such file or directory\n","exitCode":128}
[2020-07-07 00:05:48.500] [exthost] [error] {"message":"Git error","stdout":"","stderr":"fatal: Could not switch to '/home/sh8/s3496168/_vim/ftdetect/': No such file or directory\n","exitCode":128}
[2020-07-07 00:05:48.500] [exthost] [error] {"message":"Git error","stdout":"","stderr":"fatal: Could not switch to '/home/sh8/s3496168/_vim/ftdetect/': No such file or directory\n","exitCode":128}
[2020-07-07 00:05:48.500] [exthost] [error] {"message":"Git error","stdout":"","stderr":"fatal: Could not switch to '/home/sh8/s3496168/_vim/ftdetect/': No such file or directory\n","exitCode":128}
[2020-07-07 00:17:04.540] [exthost] [info] ExtensionService#_doActivateExtension vscode.extension-editing {"startup":false,"extensionId":{"value":"vscode.extension-editing","_lower":"vscode.extension-editing"},"activationEvent":"onLanguage:markdown"}
[2020-07-07 00:17:04.541] [exthost] [info] ExtensionService#loadCommonJSModule file:///home/sh8/s3496168/.vscode-server/bin/cd9ea6488829f560dc949a8b2fb789f3cdc05f5d/extensions/extension-editing/dist/extension
[2020-07-07 00:17:04.562] [exthost] [info] ExtensionService#_doActivateExtension vscode.markdown-language-features {"startup":false,"extensionId":{"value":"vscode.markdown-language-features","_lower":"vscode.markdown-language-features"},"activationEvent":"onLanguage:markdown"}
[2020-07-07 00:17:04.562] [exthost] [info] ExtensionService#loadCommonJSModule file:///home/sh8/s3496168/.vscode-server/bin/cd9ea6488829f560dc949a8b2fb789f3cdc05f5d/extensions/markdown-language-features/dist/extension
[2020-07-07 00:17:04.599] [exthost] [info] ExtensionService#_doActivateExtension vscode.css-language-features {"startup":false,"extensionId":{"value":"vscode.css-language-features","_lower":"vscode.css-language-features"},"activationEvent":"onLanguage:css"}
[2020-07-07 00:17:04.599] [exthost] [info] ExtensionService#loadCommonJSModule file:///home/sh8/s3496168/.vscode-server/bin/cd9ea6488829f560dc949a8b2fb789f3cdc05f5d/extensions/css-language-features/client/dist/node/cssClientMain
[2020-07-07 00:17:04.625] [exthost] [info] ExtensionService#_doActivateExtension vscode.typescript-language-features {"startup":false,"extensionId":{"value":"vscode.typescript-language-features","_lower":"vscode.typescript-language-features"},"activationEvent":"onLanguage:javascript"}
[2020-07-07 00:17:04.626] [exthost] [info] ExtensionService#loadCommonJSModule file:///home/sh8/s3496168/.vscode-server/bin/cd9ea6488829f560dc949a8b2fb789f3cdc05f5d/extensions/typescript-language-features/dist/extension
[2020-07-07 00:17:04.659] [exthost] [info] ExtensionService#_doActivateExtension vscode.configuration-editing {"startup":false,"extensionId":{"value":"vscode.configuration-editing","_lower":"vscode.configuration-editing"},"activationEvent":"onLanguage:json"}
[2020-07-07 00:17:04.659] [exthost] [info] ExtensionService#loadCommonJSModule file:///home/sh8/s3496168/.vscode-server/bin/cd9ea6488829f560dc949a8b2fb789f3cdc05f5d/extensions/configuration-editing/dist/extension
[2020-07-07 00:17:04.666] [exthost] [info] ExtensionService#_doActivateExtension vscode.json-language-features {"startup":false,"extensionId":{"value":"vscode.json-language-features","_lower":"vscode.json-language-features"},"activationEvent":"onLanguage:json"}
[2020-07-07 00:17:04.666] [exthost] [info] ExtensionService#loadCommonJSModule file:///home/sh8/s3496168/.vscode-server/bin/cd9ea6488829f560dc949a8b2fb789f3cdc05f5d/extensions/json-language-features/client/dist/jsonMain
[2020-07-07 00:17:04.701] [exthost] [info] ExtensionService#_doActivateExtension ms-vscode.js-debug {"startup":false,"extensionId":{"value":"ms-vscode.js-debug","_lower":"ms-vscode.js-debug"},"activationEvent":"onLanguage:json"}
[2020-07-07 00:17:04.701] [exthost] [info] ExtensionService#loadCommonJSModule file:///home/sh8/s3496168/.vscode-server/bin/cd9ea6488829f560dc949a8b2fb789f3cdc05f5d/extensions/ms-vscode.js-debug/src/extension.js
[2020-07-07 00:17:04.972] [exthost] [info] ExtensionService#_doActivateExtension vscode.npm {"startup":false,"extensionId":{"value":"vscode.npm","_lower":"vscode.npm"},"activationEvent":"onLanguage:json"}
[2020-07-07 00:17:04.972] [exthost] [info] ExtensionService#loadCommonJSModule file:///home/sh8/s3496168/.vscode-server/bin/cd9ea6488829f560dc949a8b2fb789f3cdc05f5d/extensions/npm/dist/main
[2020-07-07 00:17:04.984] [exthost] [info] ExtensionService#_doActivateExtension vscode.html-language-features {"startup":false,"extensionId":{"value":"vscode.html-language-features","_lower":"vscode.html-language-features"},"activationEvent":"onLanguage:html"}
[2020-07-07 00:17:04.984] [exthost] [info] ExtensionService#loadCommonJSModule file:///home/sh8/s3496168/.vscode-server/bin/cd9ea6488829f560dc949a8b2fb789f3cdc05f5d/extensions/html-language-features/client/dist/htmlMain
